<?xml version="1.0" encoding="UTF-8"?>
<!-- Generated by org.testng.reporters.JUnitXMLReporter -->
<testsuite hostname="ZIFFITY0010" name="Test" tests="1" failures="1" timestamp="29 Nov 2019 06:22:18 GMT" time="149.742" errors="0">
  <testcase name="feature" time="149.336" classname="Cucumberoption.TestRunner">
    <failure type="cucumber.runtime.CucumberException" message="java.lang.IllegalArgumentException: bound must be greater than origin">
      <![CDATA[cucumber.runtime.CucumberException: java.lang.IllegalArgumentException: bound must be greater than origin
	at cucumber.api.testng.TestNGCucumberRunner.runCucumber(TestNGCucumberRunner.java:69)
	at Cucumberoption.TestRunner.feature(TestRunner.java:47)
	at org.apache.maven.surefire.testng.TestNGExecutor.run(TestNGExecutor.java:295)
	at org.apache.maven.surefire.testng.TestNGXmlTestSuite.execute(TestNGXmlTestSuite.java:84)
	at org.apache.maven.surefire.testng.TestNGProvider.invoke(TestNGProvider.java:90)
	at org.apache.maven.surefire.booter.ForkedBooter.invokeProviderInSameClassLoader(ForkedBooter.java:203)
	at org.apache.maven.surefire.booter.ForkedBooter.runSuitesInProcess(ForkedBooter.java:155)
	at org.apache.maven.surefire.booter.ForkedBooter.main(ForkedBooter.java:103)
Caused by: java.lang.IllegalArgumentException: bound must be greater than origin
	at java.util.concurrent.ThreadLocalRandom.nextInt(ThreadLocalRandom.java:378)
	at Testcase.PDP.clp(PDP.java:201)
	at stepdefination.stepdefination.user_clicks_on_power_commander_shop_now(stepdefination.java:157)
	at âœ½.When user clicks on power commander shop now(src/test/java/feature/smoke.feature:50)
... Removed 21 stack frames]]>
    </failure>
  </testcase> <!-- feature -->
</testsuite> <!-- Test -->
